Thu Nov 13 07:44:30 UTC 2025
/workspaces/linuxBio2/lab02
total 8
-rw-rw-rw- 1 codespace codespace  0 Nov 13 07:39 log.log
-rw-rw-rw- 1 codespace codespace 57 Nov 13 07:47 log1.log
-rw-rw-rw- 1 codespace codespace 29 Nov 13 07:46 log2.log
/workspaces/linuxBio2/lab02
/workspaces/linuxBio2/lab02
total 4
-rw-rw-rw- 1 codespace codespace   0 Nov 13 07:39 log.log
-rw-rw-rw- 1 codespace codespace 294 Nov 13 07:49 log1.log
-------------
date:Thu Nov 13 08:10:17 UTC 2025
all files:
README.md
lab02
all files:/nREADME.md
lab02
al files:/nREADME.md
lab02
al files:
README.md
lab02
al files:
README.md
lab02
1111111111111111111111111
1111111111111111111111111111l
1111111111111111111111111111111111111111111111111111111111111111
111111111111111111111111111111111111\llooo
22222222222222222222222222
333333333333333333333

4444444444444444444
555555555555555555555








6666666

[A[A[A
NXXXX
